<?xml version="1.0" encoding="UTF-8"?>
<!-- Generated by org.testng.reporters.JUnitReportReporter -->
<testsuite hostname="Cormsquare" failures="0" tests="1" name="com.procurement.poc.Catalog_E2E_Flow" time="46.968" errors="0" timestamp="2025-02-10T17:22:25 IST" skipped="0">
  <testcase classname="com.procurement.poc.Catalog_E2E_Flow" name="Flow" time="46.968"/>
</testsuite> <!-- com.procurement.poc.Catalog_E2E_Flow -->
