<?xml version="1.0" encoding="UTF-8"?>
<!-- Generated by org.testng.reporters.JUnitReportReporter -->
<testsuite hostname="Issac" failures="0" tests="1" name="com.source.classes.requisitions.suspend.BuyerManagerSuspendTest" time="44.528" errors="0" timestamp="2025-05-06T20:44:54 IST" skipped="0">
  <testcase classname="com.source.classes.requisitions.suspend.BuyerManagerSuspendTest" name="suspend" time="44.528"/>
</testsuite> <!-- com.source.classes.requisitions.suspend.BuyerManagerSuspendTest -->
