<?xml version="1.0" encoding="UTF-8"?>
<!-- Generated by org.testng.reporters.JUnitReportReporter -->
<testsuite hostname="Issac" failures="0" tests="1" name="com.source.classes.requisitions.edit.EditTest" time="8.678" errors="0" timestamp="2025-04-30T13:48:44 IST" skipped="0">
  <testcase classname="com.source.classes.requisitions.edit.EditTest" name="edit" time="8.678"/>
</testsuite> <!-- com.source.classes.requisitions.edit.EditTest -->
