<?xml version="1.0" encoding="UTF-8"?>
<!-- Generated by org.testng.reporters.JUnitReportReporter -->
<testsuite hostname="Issac" failures="0" tests="1" name="com.source.classes.requisitions.approve.ApproveTest" time="8.198" errors="0" timestamp="2025-05-06T20:44:54 IST" skipped="0">
  <testcase classname="com.source.classes.requisitions.approve.ApproveTest" name="approve" time="8.198"/>
</testsuite> <!-- com.source.classes.requisitions.approve.ApproveTest -->
