<?xml version="1.0" encoding="UTF-8"?>
<!-- Generated by org.testng.reporters.JUnitReportReporter -->
<testsuite hostname="Issac" failures="0" tests="1" name="com.source.classes.requisitions.suspend.BuyerSuspendTest" time="41.360" errors="0" timestamp="2025-04-30T13:48:44 IST" skipped="0">
  <testcase classname="com.source.classes.requisitions.suspend.BuyerSuspendTest" name="suspend" time="41.360"/>
</testsuite> <!-- com.source.classes.requisitions.suspend.BuyerSuspendTest -->
