<?xml version="1.0" encoding="UTF-8"?>
<!-- Generated by org.testng.reporters.JUnitReportReporter -->
<testsuite hostname="Issac" failures="0" tests="1" name="com.source.classes.requisitions.create.CreateTest" time="22.483" errors="0" timestamp="2025-05-06T20:44:54 IST" skipped="0">
  <testcase classname="com.source.classes.requisitions.create.CreateTest" name="create" time="22.483"/>
</testsuite> <!-- com.source.classes.requisitions.create.CreateTest -->
