<?xml version="1.0" encoding="UTF-8"?>
<!-- Generated by org.testng.reporters.JUnitReportReporter -->
<testsuite hostname="Issac" failures="0" tests="1" name="com.source.classes.requisitions.suspend.BuyerManagerSuspendTest" time="42.321" errors="0" timestamp="2025-04-30T13:48:44 IST" skipped="0">
  <testcase classname="com.source.classes.requisitions.suspend.BuyerManagerSuspendTest" name="suspend" time="42.321"/>
</testsuite> <!-- com.source.classes.requisitions.suspend.BuyerManagerSuspendTest -->
